LOGStart created on Wednesday 2017/09/20  UTC 08:33:47:069

Reading "C:\Users\s_spilker\Desktop\Nitto_27.04.17_lauft10\Physical\Config1\5PP5CP_US15_02\SafeLOGIC-1\BusNavigator.bnc"...
Reading Content "BusConfiguration"
Reading properties for module "SL1.IF1.ST2". Beginning at line 3
  ParameterGroup "Basic" has 35 parameters.
  ParameterGroup "Safety_Response_Time_Defaults" has 23 parameters.
  Channel "BOOL1" Repeat =99  Actives=8 has 0 parameter groups.
  Channel "BOOLext1" Repeat =256  Actives=0 has 0 parameter groups.
  Channel "INT1" Repeat =99  Actives=0 has 0 parameter groups.
  Channel "UINT1" Repeat =99  Actives=0 has 0 parameter groups.
  Channel "UDINT1" Repeat =99  Actives=0 has 0 parameter groups.
  Channel "DINT1" Repeat =99  Actives=0 has 0 parameter groups.
  Channel "BOOL0" Repeat =99  Actives=8 has 0 parameter groups.
  Channel "BOOLext0" Repeat =256  Actives=0 has 0 parameter groups.
  Channel "INT0" Repeat =99  Actives=0 has 0 parameter groups.
  Channel "UINT0" Repeat =99  Actives=0 has 0 parameter groups.
  Channel "UDINT0" Repeat =99  Actives=0 has 0 parameter groups.
  Channel "DINT0" Repeat =99  Actives=0 has 0 parameter groups.
  Channel "SafeBOOL1" Repeat =0  Actives=0 has 0 parameter groups.
  Channel "SafeBOOL2" Repeat =0  Actives=0 has 0 parameter groups.
  Channel "SafeBOOL3" Repeat =0  Actives=0 has 0 parameter groups.
  Channel "SafeBOOL4" Repeat =0  Actives=0 has 0 parameter groups.
  Channel "SafeBOOL5" Repeat =0  Actives=0 has 0 parameter groups.
  Channel "SafeBOOL6" Repeat =0  Actives=0 has 0 parameter groups.
  Channel "SafeBOOL7" Repeat =0  Actives=0 has 0 parameter groups.
  Channel "SafeBOOL8" Repeat =0  Actives=0 has 0 parameter groups.
Module "SL1.IF1.ST2.SL1.SM1" is of type "X20SL8010" and has 24 channels and 2 parameter groups.
Reading properties for module "SL1.IF1.ST3.IF1.ST2". Beginning at line 129
  ParameterGroup "Basic" has 20 parameters.
  ParameterGroup "Safety_Response_Time" has 25 parameters.
  Channel "SafeModuleOk" Repeat =0  Actives=0 has 0 parameter groups.
  ParameterGroup "SafeDigitalInput01" has 5 parameters.
  Channel "SafeDigitalInput01" Repeat =0  Actives=0 has 1 parameter groups.
  ParameterGroup "SafeDigitalInput02" has 5 parameters.
  Channel "SafeDigitalInput02" Repeat =0  Actives=0 has 1 parameter groups.
  ParameterGroup "SafeDigitalInput03" has 5 parameters.
  Channel "SafeDigitalInput03" Repeat =0  Actives=0 has 1 parameter groups.
  ParameterGroup "SafeDigitalInput04" has 5 parameters.
  Channel "SafeDigitalInput04" Repeat =0  Actives=0 has 1 parameter groups.
  Channel "SafeEquivalentInput0102" Repeat =0  Actives=0 has 0 parameter groups.
  Channel "SafeAntivalentInput0102" Repeat =0  Actives=0 has 0 parameter groups.
  Channel "SafeEquivalentInput0304" Repeat =0  Actives=0 has 0 parameter groups.
  Channel "SafeAntivalentInput0304" Repeat =0  Actives=0 has 0 parameter groups.
  Channel "SafeChannelOK01" Repeat =0  Actives=0 has 0 parameter groups.
  Channel "SafeChannelOK02" Repeat =0  Actives=0 has 0 parameter groups.
  Channel "SafeChannelOK03" Repeat =0  Actives=0 has 0 parameter groups.
  Channel "SafeChannelOK04" Repeat =0  Actives=0 has 0 parameter groups.
  Channel "SafeEquivalentOK0102" Repeat =0  Actives=0 has 0 parameter groups.
  Channel "SafeAntivalentOK0102" Repeat =0  Actives=0 has 0 parameter groups.
  Channel "SafeEquivalentOK0304" Repeat =0  Actives=0 has 0 parameter groups.
  Channel "SafeAntivalentOK0304" Repeat =0  Actives=0 has 0 parameter groups.
Module "SL1.IF1.ST3.IF1.ST2.SL1.SM2" is of type "X20SI4100" and has 17 channels and 2 parameter groups.
Reading properties for module "SL1.IF1.ST3.IF1.ST3". Beginning at line 252
  ParameterGroup "Basic" has 20 parameters.
  ParameterGroup "Safety_Response_Time" has 25 parameters.
  Channel "SafeModuleOk" Repeat =0  Actives=0 has 0 parameter groups.
  ParameterGroup "SafeDigitalInput01" has 5 parameters.
  Channel "SafeDigitalInput01" Repeat =0  Actives=0 has 1 parameter groups.
  ParameterGroup "SafeDigitalInput02" has 5 parameters.
  Channel "SafeDigitalInput02" Repeat =0  Actives=0 has 1 parameter groups.
  ParameterGroup "SafeDigitalInput03" has 5 parameters.
  Channel "SafeDigitalInput03" Repeat =0  Actives=0 has 1 parameter groups.
  ParameterGroup "SafeDigitalInput04" has 5 parameters.
  Channel "SafeDigitalInput04" Repeat =0  Actives=0 has 1 parameter groups.
  Channel "SafeEquivalentInput0102" Repeat =0  Actives=0 has 0 parameter groups.
  Channel "SafeAntivalentInput0102" Repeat =0  Actives=0 has 0 parameter groups.
  Channel "SafeEquivalentInput0304" Repeat =0  Actives=0 has 0 parameter groups.
  Channel "SafeAntivalentInput0304" Repeat =0  Actives=0 has 0 parameter groups.
  Channel "SafeChannelOK01" Repeat =0  Actives=0 has 0 parameter groups.
  Channel "SafeChannelOK02" Repeat =0  Actives=0 has 0 parameter groups.
  Channel "SafeChannelOK03" Repeat =0  Actives=0 has 0 parameter groups.
  Channel "SafeChannelOK04" Repeat =0  Actives=0 has 0 parameter groups.
  Channel "SafeEquivalentOK0102" Repeat =0  Actives=0 has 0 parameter groups.
  Channel "SafeAntivalentOK0102" Repeat =0  Actives=0 has 0 parameter groups.
  Channel "SafeEquivalentOK0304" Repeat =0  Actives=0 has 0 parameter groups.
  Channel "SafeAntivalentOK0304" Repeat =0  Actives=0 has 0 parameter groups.
Module "SL1.IF1.ST3.IF1.ST3.SL1.SM3" is of type "X20SI4100" and has 17 channels and 2 parameter groups.
Reading properties for module "SL1.IF1.ST3.IF1.ST4". Beginning at line 375
  ParameterGroup "Basic" has 19 parameters.
  ParameterGroup "Safety_Response_Time" has 25 parameters.
  Channel "SafeModuleOk" Repeat =0  Actives=0 has 0 parameter groups.
  ParameterGroup "SafeDigitalOutput01" has 1 parameters.
  Channel "SafeDigitalOutput01" Repeat =0  Actives=0 has 1 parameter groups.
  ParameterGroup "SafeDigitalOutput02" has 1 parameters.
  Channel "SafeDigitalOutput02" Repeat =0  Actives=0 has 1 parameter groups.
  ParameterGroup "SafeDigitalOutput03" has 1 parameters.
  Channel "SafeDigitalOutput03" Repeat =0  Actives=0 has 1 parameter groups.
  ParameterGroup "SafeDigitalOutput04" has 3 parameters.
  Channel "SafeDigitalOutput04" Repeat =0  Actives=0 has 1 parameter groups.
  Channel "SafeChannelOK01" Repeat =0  Actives=0 has 0 parameter groups.
  Channel "SafeChannelOK02" Repeat =0  Actives=0 has 0 parameter groups.
  Channel "SafeChannelOK03" Repeat =0  Actives=0 has 0 parameter groups.
  Channel "SafeChannelOK04" Repeat =0  Actives=0 has 0 parameter groups.
  Channel "ReleaseOutput01" Repeat =0  Actives=0 has 0 parameter groups.
  Channel "ReleaseOutput02" Repeat =0  Actives=0 has 0 parameter groups.
  Channel "ReleaseOutput03" Repeat =0  Actives=0 has 0 parameter groups.
  Channel "ReleaseOutput04" Repeat =0  Actives=0 has 0 parameter groups.
  Channel "PhysicalStateChannel1" Repeat =0  Actives=0 has 0 parameter groups.
  Channel "PhysicalStateChannel2" Repeat =0  Actives=0 has 0 parameter groups.
  Channel "PhysicalStateChannel3" Repeat =0  Actives=0 has 0 parameter groups.
  Channel "PhysicalStateChannel4" Repeat =0  Actives=0 has 0 parameter groups.
  Channel "CurrentOK01" Repeat =0  Actives=0 has 0 parameter groups.
  Channel "CurrentOK02" Repeat =0  Actives=0 has 0 parameter groups.
  Channel "CurrentOK03" Repeat =0  Actives=0 has 0 parameter groups.
  Channel "CurrentOK04" Repeat =0  Actives=0 has 0 parameter groups.
Module "SL1.IF1.ST3.IF1.ST4.SL1.SM4" is of type "X20SO4110" and has 21 channels and 2 parameter groups.
Reading properties for module "SL1.IF1.ST6.SS1". Beginning at line 481
  ParameterGroup "Basic" has 20 parameters.
  ParameterGroup "Safety_Response_Time" has 10 parameters.
  ParameterGroup "Encoder Unit System" has 6 parameters.
  ParameterGroup "Homing" has 14 parameters.
  ParameterGroup "Safety Deceleration Ramp" has 1 parameters.
  ParameterGroup "General Settings" has 8 parameters.
  ParameterGroup "Encoder Monitoring" has 9 parameters.
  ParameterGroup "Behavior of Functional Fail Safe" has 10 parameters.
  ParameterGroup "Safety Speed Limits" has 5 parameters.
  ParameterGroup "Safety Position Limits" has 4 parameters.
  ParameterGroup "Safety Standstill and Direction Tolerances" has 2 parameters.
  ParameterGroup "Safely Limited Increment" has 2 parameters.
  ParameterGroup "Safety Ramp monitoring times" has 6 parameters.
  ParameterGroup "Safety Additional Parameters" has 5 parameters.
  ParameterGroup "Encoder Monitoring Tolerances" has 17 parameters.
  Channel "SafeModuleOk" Repeat =0  Actives=0 has 0 parameter groups.
  Channel "SafetyActiveSTO" Repeat =0  Actives=0 has 0 parameter groups.
  Channel "SafetyActiveSBC" Repeat =0  Actives=0 has 0 parameter groups.
  Channel "SafetyActiveSOS" Repeat =0  Actives=0 has 0 parameter groups.
  Channel "SafetyActiveSS1" Repeat =0  Actives=0 has 0 parameter groups.
  Channel "SafetyActiveSS2" Repeat =0  Actives=0 has 0 parameter groups.
  Channel "SafetyActiveSLS1" Repeat =0  Actives=0 has 0 parameter groups.
  Channel "SafetyActiveSLS2" Repeat =0  Actives=0 has 0 parameter groups.
  Channel "SafetyActiveSLS3" Repeat =0  Actives=0 has 0 parameter groups.
  Channel "SafetyActiveSLS4" Repeat =0  Actives=0 has 0 parameter groups.
  Channel "SafetyActiveSTO1" Repeat =0  Actives=0 has 0 parameter groups.
  Channel "SafetyActiveSDIpos" Repeat =0  Actives=0 has 0 parameter groups.
  Channel "SafetyActiveSLI" Repeat =0  Actives=0 has 0 parameter groups.
  Channel "SafetyActiveSDIneg" Repeat =0  Actives=0 has 0 parameter groups.
  Channel "SafetyActiveSLP" Repeat =0  Actives=0 has 0 parameter groups.
  Channel "SafetyActiveSMP" Repeat =0  Actives=0 has 0 parameter groups.
  Channel "SafePositionValid" Repeat =0  Actives=0 has 0 parameter groups.
  Channel "SafetyActiveRes4" Repeat =0  Actives=0 has 0 parameter groups.
  Channel "StatusSetPosAlive" Repeat =0  Actives=0 has 0 parameter groups.
  Channel "StatusSFR" Repeat =0  Actives=0 has 0 parameter groups.
  Channel "AllReqFuncAct" Repeat =0  Actives=0 has 0 parameter groups.
  Channel "SafetyActiveSDC" Repeat =0  Actives=0 has 0 parameter groups.
  Channel "Operational" Repeat =0  Actives=0 has 0 parameter groups.
  Channel "NotErrENC" Repeat =0  Actives=0 has 0 parameter groups.
  Channel "NotErrFUNC" Repeat =0  Actives=0 has 0 parameter groups.
  Channel "ScaledSpeed" Repeat =0  Actives=0 has 0 parameter groups.
  Channel "SafePos" Repeat =0  Actives=0 has 0 parameter groups.
  Channel "RequestSTO" Repeat =0  Actives=0 has 0 parameter groups.
  Channel "RequestSBC" Repeat =0  Actives=0 has 0 parameter groups.
  Channel "RequestSOS" Repeat =0  Actives=0 has 0 parameter groups.
  Channel "RequestSS1" Repeat =0  Actives=0 has 0 parameter groups.
  Channel "RequestSS2" Repeat =0  Actives=0 has 0 parameter groups.
  Channel "RequestSLS1" Repeat =0  Actives=0 has 0 parameter groups.
  Channel "RequestSLS2" Repeat =0  Actives=0 has 0 parameter groups.
  Channel "RequestSLS3" Repeat =0  Actives=0 has 0 parameter groups.
  Channel "RequestSLS4" Repeat =0  Actives=0 has 0 parameter groups.
  Channel "RequestSTO1" Repeat =0  Actives=0 has 0 parameter groups.
  Channel "RequestSDIpos" Repeat =0  Actives=0 has 0 parameter groups.
  Channel "RequestSLI" Repeat =0  Actives=0 has 0 parameter groups.
  Channel "RequestSDIneg" Repeat =0  Actives=0 has 0 parameter groups.
  Channel "RequestSLP" Repeat =0  Actives=0 has 0 parameter groups.
  Channel "RequestHoming" Repeat =0  Actives=0 has 0 parameter groups.
  Channel "ReferenceSwitch" Repeat =0  Actives=0 has 0 parameter groups.
  Channel "RequestRes4" Repeat =0  Actives=0 has 0 parameter groups.
  Channel "RequestRes5" Repeat =0  Actives=0 has 0 parameter groups.
  Channel "RequestRes6" Repeat =0  Actives=0 has 0 parameter groups.
  Channel "RequestRes7" Repeat =0  Actives=0 has 0 parameter groups.
  Channel "RequestRes8" Repeat =0  Actives=0 has 0 parameter groups.
  Channel "RequestRes9" Repeat =0  Actives=0 has 0 parameter groups.
  Channel "Activate" Repeat =0  Actives=0 has 0 parameter groups.
  Channel "Reset" Repeat =0  Actives=0 has 0 parameter groups.
Module "SL1.IF1.ST6.SS1.SL1.SM5" is of type "8BVSV2SAFE1-1" and has 51 channels and 15 parameter groups.
Reading properties for module "SL1.IF1.ST7.SS1". Beginning at line 734
  ParameterGroup "Basic" has 20 parameters.
  ParameterGroup "Safety_Response_Time" has 10 parameters.
  ParameterGroup "Encoder Unit System" has 6 parameters.
  ParameterGroup "Homing" has 14 parameters.
  ParameterGroup "Safety Deceleration Ramp" has 1 parameters.
  ParameterGroup "General Settings" has 8 parameters.
  ParameterGroup "Encoder Monitoring" has 9 parameters.
  ParameterGroup "Behavior of Functional Fail Safe" has 10 parameters.
  ParameterGroup "Safety Speed Limits" has 5 parameters.
  ParameterGroup "Safety Position Limits" has 4 parameters.
  ParameterGroup "Safety Standstill and Direction Tolerances" has 2 parameters.
  ParameterGroup "Safely Limited Increment" has 2 parameters.
  ParameterGroup "Safety Ramp monitoring times" has 6 parameters.
  ParameterGroup "Safety Additional Parameters" has 5 parameters.
  ParameterGroup "Encoder Monitoring Tolerances" has 17 parameters.
  Channel "SafeModuleOk" Repeat =0  Actives=0 has 0 parameter groups.
  Channel "SafetyActiveSTO" Repeat =0  Actives=0 has 0 parameter groups.
  Channel "SafetyActiveSBC" Repeat =0  Actives=0 has 0 parameter groups.
  Channel "SafetyActiveSOS" Repeat =0  Actives=0 has 0 parameter groups.
  Channel "SafetyActiveSS1" Repeat =0  Actives=0 has 0 parameter groups.
  Channel "SafetyActiveSS2" Repeat =0  Actives=0 has 0 parameter groups.
  Channel "SafetyActiveSLS1" Repeat =0  Actives=0 has 0 parameter groups.
  Channel "SafetyActiveSLS2" Repeat =0  Actives=0 has 0 parameter groups.
  Channel "SafetyActiveSLS3" Repeat =0  Actives=0 has 0 parameter groups.
  Channel "SafetyActiveSLS4" Repeat =0  Actives=0 has 0 parameter groups.
  Channel "SafetyActiveSTO1" Repeat =0  Actives=0 has 0 parameter groups.
  Channel "SafetyActiveSDIpos" Repeat =0  Actives=0 has 0 parameter groups.
  Channel "SafetyActiveSLI" Repeat =0  Actives=0 has 0 parameter groups.
  Channel "SafetyActiveSDIneg" Repeat =0  Actives=0 has 0 parameter groups.
  Channel "SafetyActiveSLP" Repeat =0  Actives=0 has 0 parameter groups.
  Channel "SafetyActiveSMP" Repeat =0  Actives=0 has 0 parameter groups.
  Channel "SafePositionValid" Repeat =0  Actives=0 has 0 parameter groups.
  Channel "SafetyActiveRes4" Repeat =0  Actives=0 has 0 parameter groups.
  Channel "StatusSetPosAlive" Repeat =0  Actives=0 has 0 parameter groups.
  Channel "StatusSFR" Repeat =0  Actives=0 has 0 parameter groups.
  Channel "AllReqFuncAct" Repeat =0  Actives=0 has 0 parameter groups.
  Channel "SafetyActiveSDC" Repeat =0  Actives=0 has 0 parameter groups.
  Channel "Operational" Repeat =0  Actives=0 has 0 parameter groups.
  Channel "NotErrENC" Repeat =0  Actives=0 has 0 parameter groups.
  Channel "NotErrFUNC" Repeat =0  Actives=0 has 0 parameter groups.
  Channel "ScaledSpeed" Repeat =0  Actives=0 has 0 parameter groups.
  Channel "SafePos" Repeat =0  Actives=0 has 0 parameter groups.
  Channel "RequestSTO" Repeat =0  Actives=0 has 0 parameter groups.
  Channel "RequestSBC" Repeat =0  Actives=0 has 0 parameter groups.
  Channel "RequestSOS" Repeat =0  Actives=0 has 0 parameter groups.
  Channel "RequestSS1" Repeat =0  Actives=0 has 0 parameter groups.
  Channel "RequestSS2" Repeat =0  Actives=0 has 0 parameter groups.
  Channel "RequestSLS1" Repeat =0  Actives=0 has 0 parameter groups.
  Channel "RequestSLS2" Repeat =0  Actives=0 has 0 parameter groups.
  Channel "RequestSLS3" Repeat =0  Actives=0 has 0 parameter groups.
  Channel "RequestSLS4" Repeat =0  Actives=0 has 0 parameter groups.
  Channel "RequestSTO1" Repeat =0  Actives=0 has 0 parameter groups.
  Channel "RequestSDIpos" Repeat =0  Actives=0 has 0 parameter groups.
  Channel "RequestSLI" Repeat =0  Actives=0 has 0 parameter groups.
  Channel "RequestSDIneg" Repeat =0  Actives=0 has 0 parameter groups.
  Channel "RequestSLP" Repeat =0  Actives=0 has 0 parameter groups.
  Channel "RequestHoming" Repeat =0  Actives=0 has 0 parameter groups.
  Channel "ReferenceSwitch" Repeat =0  Actives=0 has 0 parameter groups.
  Channel "RequestRes4" Repeat =0  Actives=0 has 0 parameter groups.
  Channel "RequestRes5" Repeat =0  Actives=0 has 0 parameter groups.
  Channel "RequestRes6" Repeat =0  Actives=0 has 0 parameter groups.
  Channel "RequestRes7" Repeat =0  Actives=0 has 0 parameter groups.
  Channel "RequestRes8" Repeat =0  Actives=0 has 0 parameter groups.
  Channel "RequestRes9" Repeat =0  Actives=0 has 0 parameter groups.
  Channel "Activate" Repeat =0  Actives=0 has 0 parameter groups.
  Channel "Reset" Repeat =0  Actives=0 has 0 parameter groups.
Module "SL1.IF1.ST7.SS1.SL1.SM6" is of type "8BVSV2SAFE1-1" and has 51 channels and 15 parameter groups.
Reading properties for module "SL1.IF1.ST11.SS1". Beginning at line 987
  ParameterGroup "Basic" has 20 parameters.
  ParameterGroup "Safety_Response_Time" has 10 parameters.
  ParameterGroup "Encoder Unit System" has 6 parameters.
  ParameterGroup "Homing" has 14 parameters.
  ParameterGroup "Safety Deceleration Ramp" has 1 parameters.
  ParameterGroup "General Settings" has 8 parameters.
  ParameterGroup "Encoder Monitoring" has 9 parameters.
  ParameterGroup "Behavior of Functional Fail Safe" has 10 parameters.
  ParameterGroup "Safety Speed Limits" has 5 parameters.
  ParameterGroup "Safety Position Limits" has 4 parameters.
  ParameterGroup "Safety Standstill and Direction Tolerances" has 2 parameters.
  ParameterGroup "Safely Limited Increment" has 2 parameters.
  ParameterGroup "Safety Ramp monitoring times" has 6 parameters.
  ParameterGroup "Safety Additional Parameters" has 5 parameters.
  ParameterGroup "Encoder Monitoring Tolerances" has 17 parameters.
  Channel "SafeModuleOk" Repeat =0  Actives=0 has 0 parameter groups.
  Channel "SafetyActiveSTO" Repeat =0  Actives=0 has 0 parameter groups.
  Channel "SafetyActiveSBC" Repeat =0  Actives=0 has 0 parameter groups.
  Channel "SafetyActiveSOS" Repeat =0  Actives=0 has 0 parameter groups.
  Channel "SafetyActiveSS1" Repeat =0  Actives=0 has 0 parameter groups.
  Channel "SafetyActiveSS2" Repeat =0  Actives=0 has 0 parameter groups.
  Channel "SafetyActiveSLS1" Repeat =0  Actives=0 has 0 parameter groups.
  Channel "SafetyActiveSLS2" Repeat =0  Actives=0 has 0 parameter groups.
  Channel "SafetyActiveSLS3" Repeat =0  Actives=0 has 0 parameter groups.
  Channel "SafetyActiveSLS4" Repeat =0  Actives=0 has 0 parameter groups.
  Channel "SafetyActiveSTO1" Repeat =0  Actives=0 has 0 parameter groups.
  Channel "SafetyActiveSDIpos" Repeat =0  Actives=0 has 0 parameter groups.
  Channel "SafetyActiveSLI" Repeat =0  Actives=0 has 0 parameter groups.
  Channel "SafetyActiveSDIneg" Repeat =0  Actives=0 has 0 parameter groups.
  Channel "SafetyActiveSLP" Repeat =0  Actives=0 has 0 parameter groups.
  Channel "SafetyActiveSMP" Repeat =0  Actives=0 has 0 parameter groups.
  Channel "SafePositionValid" Repeat =0  Actives=0 has 0 parameter groups.
  Channel "SafetyActiveRes4" Repeat =0  Actives=0 has 0 parameter groups.
  Channel "StatusSetPosAlive" Repeat =0  Actives=0 has 0 parameter groups.
  Channel "StatusSFR" Repeat =0  Actives=0 has 0 parameter groups.
  Channel "AllReqFuncAct" Repeat =0  Actives=0 has 0 parameter groups.
  Channel "SafetyActiveSDC" Repeat =0  Actives=0 has 0 parameter groups.
  Channel "Operational" Repeat =0  Actives=0 has 0 parameter groups.
  Channel "NotErrENC" Repeat =0  Actives=0 has 0 parameter groups.
  Channel "NotErrFUNC" Repeat =0  Actives=0 has 0 parameter groups.
  Channel "ScaledSpeed" Repeat =0  Actives=0 has 0 parameter groups.
  Channel "SafePos" Repeat =0  Actives=0 has 0 parameter groups.
  Channel "RequestSTO" Repeat =0  Actives=0 has 0 parameter groups.
  Channel "RequestSBC" Repeat =0  Actives=0 has 0 parameter groups.
  Channel "RequestSOS" Repeat =0  Actives=0 has 0 parameter groups.
  Channel "RequestSS1" Repeat =0  Actives=0 has 0 parameter groups.
  Channel "RequestSS2" Repeat =0  Actives=0 has 0 parameter groups.
  Channel "RequestSLS1" Repeat =0  Actives=0 has 0 parameter groups.
  Channel "RequestSLS2" Repeat =0  Actives=0 has 0 parameter groups.
  Channel "RequestSLS3" Repeat =0  Actives=0 has 0 parameter groups.
  Channel "RequestSLS4" Repeat =0  Actives=0 has 0 parameter groups.
  Channel "RequestSTO1" Repeat =0  Actives=0 has 0 parameter groups.
  Channel "RequestSDIpos" Repeat =0  Actives=0 has 0 parameter groups.
  Channel "RequestSLI" Repeat =0  Actives=0 has 0 parameter groups.
  Channel "RequestSDIneg" Repeat =0  Actives=0 has 0 parameter groups.
  Channel "RequestSLP" Repeat =0  Actives=0 has 0 parameter groups.
  Channel "RequestHoming" Repeat =0  Actives=0 has 0 parameter groups.
  Channel "ReferenceSwitch" Repeat =0  Actives=0 has 0 parameter groups.
  Channel "RequestRes4" Repeat =0  Actives=0 has 0 parameter groups.
  Channel "RequestRes5" Repeat =0  Actives=0 has 0 parameter groups.
  Channel "RequestRes6" Repeat =0  Actives=0 has 0 parameter groups.
  Channel "RequestRes7" Repeat =0  Actives=0 has 0 parameter groups.
  Channel "RequestRes8" Repeat =0  Actives=0 has 0 parameter groups.
  Channel "RequestRes9" Repeat =0  Actives=0 has 0 parameter groups.
  Channel "Activate" Repeat =0  Actives=0 has 0 parameter groups.
  Channel "Reset" Repeat =0  Actives=0 has 0 parameter groups.
Module "SL1.IF1.ST11.SS1.SL1.SM7" is of type "8BVSV2SAFE1-1" and has 51 channels and 15 parameter groups.
Reading properties for module "SL1.IF1.ST13.SS1". Beginning at line 1240
  ParameterGroup "Basic" has 20 parameters.
  ParameterGroup "Safety_Response_Time" has 10 parameters.
  ParameterGroup "Encoder Unit System" has 6 parameters.
  ParameterGroup "Homing" has 14 parameters.
  ParameterGroup "Safety Deceleration Ramp" has 1 parameters.
  ParameterGroup "General Settings" has 8 parameters.
  ParameterGroup "Encoder Monitoring" has 9 parameters.
  ParameterGroup "Behavior of Functional Fail Safe" has 10 parameters.
  ParameterGroup "Safety Speed Limits" has 5 parameters.
  ParameterGroup "Safety Position Limits" has 4 parameters.
  ParameterGroup "Safety Standstill and Direction Tolerances" has 2 parameters.
  ParameterGroup "Safely Limited Increment" has 2 parameters.
  ParameterGroup "Safety Ramp monitoring times" has 6 parameters.
  ParameterGroup "Safety Additional Parameters" has 5 parameters.
  ParameterGroup "Encoder Monitoring Tolerances" has 17 parameters.
  Channel "SafeModuleOk" Repeat =0  Actives=0 has 0 parameter groups.
  Channel "SafetyActiveSTO" Repeat =0  Actives=0 has 0 parameter groups.
  Channel "SafetyActiveSBC" Repeat =0  Actives=0 has 0 parameter groups.
  Channel "SafetyActiveSOS" Repeat =0  Actives=0 has 0 parameter groups.
  Channel "SafetyActiveSS1" Repeat =0  Actives=0 has 0 parameter groups.
  Channel "SafetyActiveSS2" Repeat =0  Actives=0 has 0 parameter groups.
  Channel "SafetyActiveSLS1" Repeat =0  Actives=0 has 0 parameter groups.
  Channel "SafetyActiveSLS2" Repeat =0  Actives=0 has 0 parameter groups.
  Channel "SafetyActiveSLS3" Repeat =0  Actives=0 has 0 parameter groups.
  Channel "SafetyActiveSLS4" Repeat =0  Actives=0 has 0 parameter groups.
  Channel "SafetyActiveSTO1" Repeat =0  Actives=0 has 0 parameter groups.
  Channel "SafetyActiveSDIpos" Repeat =0  Actives=0 has 0 parameter groups.
  Channel "SafetyActiveSLI" Repeat =0  Actives=0 has 0 parameter groups.
  Channel "SafetyActiveSDIneg" Repeat =0  Actives=0 has 0 parameter groups.
  Channel "SafetyActiveSLP" Repeat =0  Actives=0 has 0 parameter groups.
  Channel "SafetyActiveSMP" Repeat =0  Actives=0 has 0 parameter groups.
  Channel "SafePositionValid" Repeat =0  Actives=0 has 0 parameter groups.
  Channel "SafetyActiveRes4" Repeat =0  Actives=0 has 0 parameter groups.
  Channel "StatusSetPosAlive" Repeat =0  Actives=0 has 0 parameter groups.
  Channel "StatusSFR" Repeat =0  Actives=0 has 0 parameter groups.
  Channel "AllReqFuncAct" Repeat =0  Actives=0 has 0 parameter groups.
  Channel "SafetyActiveSDC" Repeat =0  Actives=0 has 0 parameter groups.
  Channel "Operational" Repeat =0  Actives=0 has 0 parameter groups.
  Channel "NotErrENC" Repeat =0  Actives=0 has 0 parameter groups.
  Channel "NotErrFUNC" Repeat =0  Actives=0 has 0 parameter groups.
  Channel "ScaledSpeed" Repeat =0  Actives=0 has 0 parameter groups.
  Channel "SafePos" Repeat =0  Actives=0 has 0 parameter groups.
  Channel "RequestSTO" Repeat =0  Actives=0 has 0 parameter groups.
  Channel "RequestSBC" Repeat =0  Actives=0 has 0 parameter groups.
  Channel "RequestSOS" Repeat =0  Actives=0 has 0 parameter groups.
  Channel "RequestSS1" Repeat =0  Actives=0 has 0 parameter groups.
  Channel "RequestSS2" Repeat =0  Actives=0 has 0 parameter groups.
  Channel "RequestSLS1" Repeat =0  Actives=0 has 0 parameter groups.
  Channel "RequestSLS2" Repeat =0  Actives=0 has 0 parameter groups.
  Channel "RequestSLS3" Repeat =0  Actives=0 has 0 parameter groups.
  Channel "RequestSLS4" Repeat =0  Actives=0 has 0 parameter groups.
  Channel "RequestSTO1" Repeat =0  Actives=0 has 0 parameter groups.
  Channel "RequestSDIpos" Repeat =0  Actives=0 has 0 parameter groups.
  Channel "RequestSLI" Repeat =0  Actives=0 has 0 parameter groups.
  Channel "RequestSDIneg" Repeat =0  Actives=0 has 0 parameter groups.
  Channel "RequestSLP" Repeat =0  Actives=0 has 0 parameter groups.
  Channel "RequestHoming" Repeat =0  Actives=0 has 0 parameter groups.
  Channel "ReferenceSwitch" Repeat =0  Actives=0 has 0 parameter groups.
  Channel "RequestRes4" Repeat =0  Actives=0 has 0 parameter groups.
  Channel "RequestRes5" Repeat =0  Actives=0 has 0 parameter groups.
  Channel "RequestRes6" Repeat =0  Actives=0 has 0 parameter groups.
  Channel "RequestRes7" Repeat =0  Actives=0 has 0 parameter groups.
  Channel "RequestRes8" Repeat =0  Actives=0 has 0 parameter groups.
  Channel "RequestRes9" Repeat =0  Actives=0 has 0 parameter groups.
  Channel "Activate" Repeat =0  Actives=0 has 0 parameter groups.
  Channel "Reset" Repeat =0  Actives=0 has 0 parameter groups.
Module "SL1.IF1.ST13.SS1.SL1.SM8" is of type "8BVSV2SAFE1-1" and has 51 channels and 15 parameter groups.
Reading properties for module "SL1.IF1.ST15.IF1.ST3". Beginning at line 1493
  ParameterGroup "Basic" has 21 parameters.
  ParameterGroup "Safety_Response_Time" has 25 parameters.
  Channel "SafeModuleOk" Repeat =0  Actives=0 has 0 parameter groups.
  ParameterGroup "SafeDigitalInput01" has 6 parameters.
  Channel "SafeDigitalInput01" Repeat =0  Actives=0 has 1 parameter groups.
  ParameterGroup "SafeDigitalInput02" has 6 parameters.
  Channel "SafeDigitalInput02" Repeat =0  Actives=0 has 1 parameter groups.
  ParameterGroup "SafeDigitalInput03" has 6 parameters.
  Channel "SafeDigitalInput03" Repeat =0  Actives=0 has 1 parameter groups.
  ParameterGroup "SafeDigitalInput04" has 6 parameters.
  Channel "SafeDigitalInput04" Repeat =0  Actives=0 has 1 parameter groups.
  ParameterGroup "SafeDigitalInput05" has 6 parameters.
  Channel "SafeDigitalInput05" Repeat =0  Actives=0 has 1 parameter groups.
  ParameterGroup "SafeDigitalInput06" has 6 parameters.
  Channel "SafeDigitalInput06" Repeat =0  Actives=0 has 1 parameter groups.
  ParameterGroup "SafeDigitalInput07" has 6 parameters.
  Channel "SafeDigitalInput07" Repeat =0  Actives=0 has 1 parameter groups.
  ParameterGroup "SafeDigitalInput08" has 6 parameters.
  Channel "SafeDigitalInput08" Repeat =0  Actives=0 has 1 parameter groups.
  ParameterGroup "SafeDigitalInput09" has 6 parameters.
  Channel "SafeDigitalInput09" Repeat =0  Actives=0 has 1 parameter groups.
  ParameterGroup "SafeDigitalInput10" has 6 parameters.
  Channel "SafeDigitalInput10" Repeat =0  Actives=0 has 1 parameter groups.
  ParameterGroup "SafeDigitalInput11" has 6 parameters.
  Channel "SafeDigitalInput11" Repeat =0  Actives=0 has 1 parameter groups.
  ParameterGroup "SafeDigitalInput12" has 6 parameters.
  Channel "SafeDigitalInput12" Repeat =0  Actives=0 has 1 parameter groups.
  ParameterGroup "SafeDigitalInput13" has 6 parameters.
  Channel "SafeDigitalInput13" Repeat =0  Actives=0 has 1 parameter groups.
  ParameterGroup "SafeDigitalInput14" has 6 parameters.
  Channel "SafeDigitalInput14" Repeat =0  Actives=0 has 1 parameter groups.
  ParameterGroup "SafeDigitalInput15" has 6 parameters.
  Channel "SafeDigitalInput15" Repeat =0  Actives=0 has 1 parameter groups.
  ParameterGroup "SafeDigitalInput16" has 6 parameters.
  Channel "SafeDigitalInput16" Repeat =0  Actives=0 has 1 parameter groups.
  ParameterGroup "SafeDigitalInput17" has 6 parameters.
  Channel "SafeDigitalInput17" Repeat =0  Actives=0 has 1 parameter groups.
  ParameterGroup "SafeDigitalInput18" has 6 parameters.
  Channel "SafeDigitalInput18" Repeat =0  Actives=0 has 1 parameter groups.
  ParameterGroup "SafeDigitalInput19" has 6 parameters.
  Channel "SafeDigitalInput19" Repeat =0  Actives=0 has 1 parameter groups.
  ParameterGroup "SafeDigitalInput20" has 6 parameters.
  Channel "SafeDigitalInput20" Repeat =0  Actives=0 has 1 parameter groups.
  Channel "SafeTwoChannelInput0102" Repeat =0  Actives=0 has 0 parameter groups.
  Channel "SafeTwoChannelInput0304" Repeat =0  Actives=0 has 0 parameter groups.
  Channel "SafeTwoChannelInput0506" Repeat =0  Actives=0 has 0 parameter groups.
  Channel "SafeTwoChannelInput0708" Repeat =0  Actives=0 has 0 parameter groups.
  Channel "SafeTwoChannelInput0910" Repeat =0  Actives=0 has 0 parameter groups.
  Channel "SafeTwoChannelInput1112" Repeat =0  Actives=0 has 0 parameter groups.
  Channel "SafeTwoChannelInput1314" Repeat =0  Actives=0 has 0 parameter groups.
  Channel "SafeTwoChannelInput1516" Repeat =0  Actives=0 has 0 parameter groups.
  Channel "SafeTwoChannelInput1718" Repeat =0  Actives=0 has 0 parameter groups.
  Channel "SafeTwoChannelInput1920" Repeat =0  Actives=0 has 0 parameter groups.
  Channel "Fuellbit1" Repeat =0  Actives=0 has 0 parameter groups.
  Channel "Fuellbit2" Repeat =0  Actives=0 has 0 parameter groups.
  Channel "SafeChannelOK01" Repeat =0  Actives=0 has 0 parameter groups.
  Channel "SafeChannelOK02" Repeat =0  Actives=0 has 0 parameter groups.
  Channel "SafeChannelOK03" Repeat =0  Actives=0 has 0 parameter groups.
  Channel "SafeChannelOK04" Repeat =0  Actives=0 has 0 parameter groups.
  Channel "SafeChannelOK05" Repeat =0  Actives=0 has 0 parameter groups.
  Channel "SafeChannelOK06" Repeat =0  Actives=0 has 0 parameter groups.
  Channel "SafeChannelOK07" Repeat =0  Actives=0 has 0 parameter groups.
  Channel "SafeChannelOK08" Repeat =0  Actives=0 has 0 parameter groups.
  Channel "SafeChannelOK09" Repeat =0  Actives=0 has 0 parameter groups.
  Channel "SafeChannelOK10" Repeat =0  Actives=0 has 0 parameter groups.
  Channel "SafeChannelOK11" Repeat =0  Actives=0 has 0 parameter groups.
  Channel "SafeChannelOK12" Repeat =0  Actives=0 has 0 parameter groups.
  Channel "SafeChannelOK13" Repeat =0  Actives=0 has 0 parameter groups.
  Channel "SafeChannelOK14" Repeat =0  Actives=0 has 0 parameter groups.
  Channel "SafeChannelOK15" Repeat =0  Actives=0 has 0 parameter groups.
  Channel "SafeChannelOK16" Repeat =0  Actives=0 has 0 parameter groups.
  Channel "SafeChannelOK17" Repeat =0  Actives=0 has 0 parameter groups.
  Channel "SafeChannelOK18" Repeat =0  Actives=0 has 0 parameter groups.
  Channel "SafeChannelOK19" Repeat =0  Actives=0 has 0 parameter groups.
  Channel "SafeChannelOK20" Repeat =0  Actives=0 has 0 parameter groups.
  Channel "SafeTwoChannelOk0102" Repeat =0  Actives=0 has 0 parameter groups.
  Channel "SafeTwoChannelOk0304" Repeat =0  Actives=0 has 0 parameter groups.
  Channel "SafeTwoChannelOk0506" Repeat =0  Actives=0 has 0 parameter groups.
  Channel "SafeTwoChannelOk0708" Repeat =0  Actives=0 has 0 parameter groups.
  Channel "SafeTwoChannelOk0910" Repeat =0  Actives=0 has 0 parameter groups.
  Channel "SafeTwoChannelOk1112" Repeat =0  Actives=0 has 0 parameter groups.
  Channel "SafeTwoChannelOk1314" Repeat =0  Actives=0 has 0 parameter groups.
  Channel "SafeTwoChannelOk1516" Repeat =0  Actives=0 has 0 parameter groups.
  Channel "SafeTwoChannelOk1718" Repeat =0  Actives=0 has 0 parameter groups.
  Channel "SafeTwoChannelOk1920" Repeat =0  Actives=0 has 0 parameter groups.
Module "SL1.IF1.ST15.IF1.ST3.SL1.SM9" is of type "X20SI9100" and has 63 channels and 2 parameter groups.
Reading properties for module "SL1.IF1.ST15.IF1.ST4". Beginning at line 1780
  ParameterGroup "Basic" has 21 parameters.
  ParameterGroup "Safety_Response_Time" has 25 parameters.
  Channel "SafeModuleOk" Repeat =0  Actives=0 has 0 parameter groups.
  ParameterGroup "SafeDigitalInput01" has 6 parameters.
  Channel "SafeDigitalInput01" Repeat =0  Actives=0 has 1 parameter groups.
  ParameterGroup "SafeDigitalInput02" has 6 parameters.
  Channel "SafeDigitalInput02" Repeat =0  Actives=0 has 1 parameter groups.
  ParameterGroup "SafeDigitalInput03" has 6 parameters.
  Channel "SafeDigitalInput03" Repeat =0  Actives=0 has 1 parameter groups.
  ParameterGroup "SafeDigitalInput04" has 6 parameters.
  Channel "SafeDigitalInput04" Repeat =0  Actives=0 has 1 parameter groups.
  ParameterGroup "SafeDigitalInput05" has 6 parameters.
  Channel "SafeDigitalInput05" Repeat =0  Actives=0 has 1 parameter groups.
  ParameterGroup "SafeDigitalInput06" has 6 parameters.
  Channel "SafeDigitalInput06" Repeat =0  Actives=0 has 1 parameter groups.
  ParameterGroup "SafeDigitalInput07" has 6 parameters.
  Channel "SafeDigitalInput07" Repeat =0  Actives=0 has 1 parameter groups.
  ParameterGroup "SafeDigitalInput08" has 6 parameters.
  Channel "SafeDigitalInput08" Repeat =0  Actives=0 has 1 parameter groups.
  ParameterGroup "SafeDigitalInput09" has 6 parameters.
  Channel "SafeDigitalInput09" Repeat =0  Actives=0 has 1 parameter groups.
  ParameterGroup "SafeDigitalInput10" has 6 parameters.
  Channel "SafeDigitalInput10" Repeat =0  Actives=0 has 1 parameter groups.
  ParameterGroup "SafeDigitalInput11" has 6 parameters.
  Channel "SafeDigitalInput11" Repeat =0  Actives=0 has 1 parameter groups.
  ParameterGroup "SafeDigitalInput12" has 6 parameters.
  Channel "SafeDigitalInput12" Repeat =0  Actives=0 has 1 parameter groups.
  ParameterGroup "SafeDigitalInput13" has 6 parameters.
  Channel "SafeDigitalInput13" Repeat =0  Actives=0 has 1 parameter groups.
  ParameterGroup "SafeDigitalInput14" has 6 parameters.
  Channel "SafeDigitalInput14" Repeat =0  Actives=0 has 1 parameter groups.
  ParameterGroup "SafeDigitalInput15" has 6 parameters.
  Channel "SafeDigitalInput15" Repeat =0  Actives=0 has 1 parameter groups.
  ParameterGroup "SafeDigitalInput16" has 6 parameters.
  Channel "SafeDigitalInput16" Repeat =0  Actives=0 has 1 parameter groups.
  ParameterGroup "SafeDigitalInput17" has 6 parameters.
  Channel "SafeDigitalInput17" Repeat =0  Actives=0 has 1 parameter groups.
  ParameterGroup "SafeDigitalInput18" has 6 parameters.
  Channel "SafeDigitalInput18" Repeat =0  Actives=0 has 1 parameter groups.
  ParameterGroup "SafeDigitalInput19" has 6 parameters.
  Channel "SafeDigitalInput19" Repeat =0  Actives=0 has 1 parameter groups.
  ParameterGroup "SafeDigitalInput20" has 6 parameters.
  Channel "SafeDigitalInput20" Repeat =0  Actives=0 has 1 parameter groups.
  Channel "SafeTwoChannelInput0102" Repeat =0  Actives=0 has 0 parameter groups.
  Channel "SafeTwoChannelInput0304" Repeat =0  Actives=0 has 0 parameter groups.
  Channel "SafeTwoChannelInput0506" Repeat =0  Actives=0 has 0 parameter groups.
  Channel "SafeTwoChannelInput0708" Repeat =0  Actives=0 has 0 parameter groups.
  Channel "SafeTwoChannelInput0910" Repeat =0  Actives=0 has 0 parameter groups.
  Channel "SafeTwoChannelInput1112" Repeat =0  Actives=0 has 0 parameter groups.
  Channel "SafeTwoChannelInput1314" Repeat =0  Actives=0 has 0 parameter groups.
  Channel "SafeTwoChannelInput1516" Repeat =0  Actives=0 has 0 parameter groups.
  Channel "SafeTwoChannelInput1718" Repeat =0  Actives=0 has 0 parameter groups.
  Channel "SafeTwoChannelInput1920" Repeat =0  Actives=0 has 0 parameter groups.
  Channel "Fuellbit1" Repeat =0  Actives=0 has 0 parameter groups.
  Channel "Fuellbit2" Repeat =0  Actives=0 has 0 parameter groups.
  Channel "SafeChannelOK01" Repeat =0  Actives=0 has 0 parameter groups.
  Channel "SafeChannelOK02" Repeat =0  Actives=0 has 0 parameter groups.
  Channel "SafeChannelOK03" Repeat =0  Actives=0 has 0 parameter groups.
  Channel "SafeChannelOK04" Repeat =0  Actives=0 has 0 parameter groups.
  Channel "SafeChannelOK05" Repeat =0  Actives=0 has 0 parameter groups.
  Channel "SafeChannelOK06" Repeat =0  Actives=0 has 0 parameter groups.
  Channel "SafeChannelOK07" Repeat =0  Actives=0 has 0 parameter groups.
  Channel "SafeChannelOK08" Repeat =0  Actives=0 has 0 parameter groups.
  Channel "SafeChannelOK09" Repeat =0  Actives=0 has 0 parameter groups.
  Channel "SafeChannelOK10" Repeat =0  Actives=0 has 0 parameter groups.
  Channel "SafeChannelOK11" Repeat =0  Actives=0 has 0 parameter groups.
  Channel "SafeChannelOK12" Repeat =0  Actives=0 has 0 parameter groups.
  Channel "SafeChannelOK13" Repeat =0  Actives=0 has 0 parameter groups.
  Channel "SafeChannelOK14" Repeat =0  Actives=0 has 0 parameter groups.
  Channel "SafeChannelOK15" Repeat =0  Actives=0 has 0 parameter groups.
  Channel "SafeChannelOK16" Repeat =0  Actives=0 has 0 parameter groups.
  Channel "SafeChannelOK17" Repeat =0  Actives=0 has 0 parameter groups.
  Channel "SafeChannelOK18" Repeat =0  Actives=0 has 0 parameter groups.
  Channel "SafeChannelOK19" Repeat =0  Actives=0 has 0 parameter groups.
  Channel "SafeChannelOK20" Repeat =0  Actives=0 has 0 parameter groups.
  Channel "SafeTwoChannelOk0102" Repeat =0  Actives=0 has 0 parameter groups.
  Channel "SafeTwoChannelOk0304" Repeat =0  Actives=0 has 0 parameter groups.
  Channel "SafeTwoChannelOk0506" Repeat =0  Actives=0 has 0 parameter groups.
  Channel "SafeTwoChannelOk0708" Repeat =0  Actives=0 has 0 parameter groups.
  Channel "SafeTwoChannelOk0910" Repeat =0  Actives=0 has 0 parameter groups.
  Channel "SafeTwoChannelOk1112" Repeat =0  Actives=0 has 0 parameter groups.
  Channel "SafeTwoChannelOk1314" Repeat =0  Actives=0 has 0 parameter groups.
  Channel "SafeTwoChannelOk1516" Repeat =0  Actives=0 has 0 parameter groups.
  Channel "SafeTwoChannelOk1718" Repeat =0  Actives=0 has 0 parameter groups.
  Channel "SafeTwoChannelOk1920" Repeat =0  Actives=0 has 0 parameter groups.
Module "SL1.IF1.ST15.IF1.ST4.SL1.SM10" is of type "X20SI9100" and has 63 channels and 2 parameter groups.
Reading properties for module "SL1.IF1.ST16.IF1.ST2". Beginning at line 2067
  ParameterGroup "Basic" has 21 parameters.
  ParameterGroup "Safety_Response_Time" has 25 parameters.
  Channel "SafeModuleOk" Repeat =0  Actives=0 has 0 parameter groups.
  ParameterGroup "SafeDigitalInput01" has 6 parameters.
  Channel "SafeDigitalInput01" Repeat =0  Actives=0 has 1 parameter groups.
  ParameterGroup "SafeDigitalInput02" has 6 parameters.
  Channel "SafeDigitalInput02" Repeat =0  Actives=0 has 1 parameter groups.
  ParameterGroup "SafeDigitalInput03" has 6 parameters.
  Channel "SafeDigitalInput03" Repeat =0  Actives=0 has 1 parameter groups.
  ParameterGroup "SafeDigitalInput04" has 6 parameters.
  Channel "SafeDigitalInput04" Repeat =0  Actives=0 has 1 parameter groups.
  ParameterGroup "SafeDigitalInput05" has 6 parameters.
  Channel "SafeDigitalInput05" Repeat =0  Actives=0 has 1 parameter groups.
  ParameterGroup "SafeDigitalInput06" has 6 parameters.
  Channel "SafeDigitalInput06" Repeat =0  Actives=0 has 1 parameter groups.
  ParameterGroup "SafeDigitalInput07" has 6 parameters.
  Channel "SafeDigitalInput07" Repeat =0  Actives=0 has 1 parameter groups.
  ParameterGroup "SafeDigitalInput08" has 6 parameters.
  Channel "SafeDigitalInput08" Repeat =0  Actives=0 has 1 parameter groups.
  ParameterGroup "SafeDigitalInput09" has 6 parameters.
  Channel "SafeDigitalInput09" Repeat =0  Actives=0 has 1 parameter groups.
  ParameterGroup "SafeDigitalInput10" has 6 parameters.
  Channel "SafeDigitalInput10" Repeat =0  Actives=0 has 1 parameter groups.
  ParameterGroup "SafeDigitalInput11" has 6 parameters.
  Channel "SafeDigitalInput11" Repeat =0  Actives=0 has 1 parameter groups.
  ParameterGroup "SafeDigitalInput12" has 6 parameters.
  Channel "SafeDigitalInput12" Repeat =0  Actives=0 has 1 parameter groups.
  ParameterGroup "SafeDigitalInput13" has 6 parameters.
  Channel "SafeDigitalInput13" Repeat =0  Actives=0 has 1 parameter groups.
  ParameterGroup "SafeDigitalInput14" has 6 parameters.
  Channel "SafeDigitalInput14" Repeat =0  Actives=0 has 1 parameter groups.
  ParameterGroup "SafeDigitalInput15" has 6 parameters.
  Channel "SafeDigitalInput15" Repeat =0  Actives=0 has 1 parameter groups.
  ParameterGroup "SafeDigitalInput16" has 6 parameters.
  Channel "SafeDigitalInput16" Repeat =0  Actives=0 has 1 parameter groups.
  ParameterGroup "SafeDigitalInput17" has 6 parameters.
  Channel "SafeDigitalInput17" Repeat =0  Actives=0 has 1 parameter groups.
  ParameterGroup "SafeDigitalInput18" has 6 parameters.
  Channel "SafeDigitalInput18" Repeat =0  Actives=0 has 1 parameter groups.
  ParameterGroup "SafeDigitalInput19" has 6 parameters.
  Channel "SafeDigitalInput19" Repeat =0  Actives=0 has 1 parameter groups.
  ParameterGroup "SafeDigitalInput20" has 6 parameters.
  Channel "SafeDigitalInput20" Repeat =0  Actives=0 has 1 parameter groups.
  Channel "SafeTwoChannelInput0102" Repeat =0  Actives=0 has 0 parameter groups.
  Channel "SafeTwoChannelInput0304" Repeat =0  Actives=0 has 0 parameter groups.
  Channel "SafeTwoChannelInput0506" Repeat =0  Actives=0 has 0 parameter groups.
  Channel "SafeTwoChannelInput0708" Repeat =0  Actives=0 has 0 parameter groups.
  Channel "SafeTwoChannelInput0910" Repeat =0  Actives=0 has 0 parameter groups.
  Channel "SafeTwoChannelInput1112" Repeat =0  Actives=0 has 0 parameter groups.
  Channel "SafeTwoChannelInput1314" Repeat =0  Actives=0 has 0 parameter groups.
  Channel "SafeTwoChannelInput1516" Repeat =0  Actives=0 has 0 parameter groups.
  Channel "SafeTwoChannelInput1718" Repeat =0  Actives=0 has 0 parameter groups.
  Channel "SafeTwoChannelInput1920" Repeat =0  Actives=0 has 0 parameter groups.
  Channel "Fuellbit1" Repeat =0  Actives=0 has 0 parameter groups.
  Channel "Fuellbit2" Repeat =0  Actives=0 has 0 parameter groups.
  Channel "SafeChannelOK01" Repeat =0  Actives=0 has 0 parameter groups.
  Channel "SafeChannelOK02" Repeat =0  Actives=0 has 0 parameter groups.
  Channel "SafeChannelOK03" Repeat =0  Actives=0 has 0 parameter groups.
  Channel "SafeChannelOK04" Repeat =0  Actives=0 has 0 parameter groups.
  Channel "SafeChannelOK05" Repeat =0  Actives=0 has 0 parameter groups.
  Channel "SafeChannelOK06" Repeat =0  Actives=0 has 0 parameter groups.
  Channel "SafeChannelOK07" Repeat =0  Actives=0 has 0 parameter groups.
  Channel "SafeChannelOK08" Repeat =0  Actives=0 has 0 parameter groups.
  Channel "SafeChannelOK09" Repeat =0  Actives=0 has 0 parameter groups.
  Channel "SafeChannelOK10" Repeat =0  Actives=0 has 0 parameter groups.
  Channel "SafeChannelOK11" Repeat =0  Actives=0 has 0 parameter groups.
  Channel "SafeChannelOK12" Repeat =0  Actives=0 has 0 parameter groups.
  Channel "SafeChannelOK13" Repeat =0  Actives=0 has 0 parameter groups.
  Channel "SafeChannelOK14" Repeat =0  Actives=0 has 0 parameter groups.
  Channel "SafeChannelOK15" Repeat =0  Actives=0 has 0 parameter groups.
  Channel "SafeChannelOK16" Repeat =0  Actives=0 has 0 parameter groups.
  Channel "SafeChannelOK17" Repeat =0  Actives=0 has 0 parameter groups.
  Channel "SafeChannelOK18" Repeat =0  Actives=0 has 0 parameter groups.
  Channel "SafeChannelOK19" Repeat =0  Actives=0 has 0 parameter groups.
  Channel "SafeChannelOK20" Repeat =0  Actives=0 has 0 parameter groups.
  Channel "SafeTwoChannelOk0102" Repeat =0  Actives=0 has 0 parameter groups.
  Channel "SafeTwoChannelOk0304" Repeat =0  Actives=0 has 0 parameter groups.
  Channel "SafeTwoChannelOk0506" Repeat =0  Actives=0 has 0 parameter groups.
  Channel "SafeTwoChannelOk0708" Repeat =0  Actives=0 has 0 parameter groups.
  Channel "SafeTwoChannelOk0910" Repeat =0  Actives=0 has 0 parameter groups.
  Channel "SafeTwoChannelOk1112" Repeat =0  Actives=0 has 0 parameter groups.
  Channel "SafeTwoChannelOk1314" Repeat =0  Actives=0 has 0 parameter groups.
  Channel "SafeTwoChannelOk1516" Repeat =0  Actives=0 has 0 parameter groups.
  Channel "SafeTwoChannelOk1718" Repeat =0  Actives=0 has 0 parameter groups.
  Channel "SafeTwoChannelOk1920" Repeat =0  Actives=0 has 0 parameter groups.
Module "SL1.IF1.ST16.IF1.ST2.SL1.SM11" is of type "X20SI9100" and has 63 channels and 2 parameter groups.
Reading properties for module "SL1.IF1.ST3.IF1.ST5". Beginning at line 2354
  ParameterGroup "Basic" has 19 parameters.
  ParameterGroup "Safety_Response_Time" has 25 parameters.
  Channel "SafeModuleOk" Repeat =0  Actives=0 has 0 parameter groups.
  ParameterGroup "SafeDigitalOutput01" has 1 parameters.
  Channel "SafeDigitalOutput01" Repeat =0  Actives=0 has 1 parameter groups.
  ParameterGroup "SafeDigitalOutput02" has 1 parameters.
  Channel "SafeDigitalOutput02" Repeat =0  Actives=0 has 1 parameter groups.
  ParameterGroup "SafeDigitalOutput03" has 1 parameters.
  Channel "SafeDigitalOutput03" Repeat =0  Actives=0 has 1 parameter groups.
  ParameterGroup "SafeDigitalOutput04" has 3 parameters.
  Channel "SafeDigitalOutput04" Repeat =0  Actives=0 has 1 parameter groups.
  Channel "SafeChannelOK01" Repeat =0  Actives=0 has 0 parameter groups.
  Channel "SafeChannelOK02" Repeat =0  Actives=0 has 0 parameter groups.
  Channel "SafeChannelOK03" Repeat =0  Actives=0 has 0 parameter groups.
  Channel "SafeChannelOK04" Repeat =0  Actives=0 has 0 parameter groups.
  Channel "ReleaseOutput01" Repeat =0  Actives=0 has 0 parameter groups.
  Channel "ReleaseOutput02" Repeat =0  Actives=0 has 0 parameter groups.
  Channel "ReleaseOutput03" Repeat =0  Actives=0 has 0 parameter groups.
  Channel "ReleaseOutput04" Repeat =0  Actives=0 has 0 parameter groups.
  Channel "PhysicalStateChannel1" Repeat =0  Actives=0 has 0 parameter groups.
  Channel "PhysicalStateChannel2" Repeat =0  Actives=0 has 0 parameter groups.
  Channel "PhysicalStateChannel3" Repeat =0  Actives=0 has 0 parameter groups.
  Channel "PhysicalStateChannel4" Repeat =0  Actives=0 has 0 parameter groups.
  Channel "CurrentOK01" Repeat =0  Actives=0 has 0 parameter groups.
  Channel "CurrentOK02" Repeat =0  Actives=0 has 0 parameter groups.
  Channel "CurrentOK03" Repeat =0  Actives=0 has 0 parameter groups.
  Channel "CurrentOK04" Repeat =0  Actives=0 has 0 parameter groups.
Module "SL1.IF1.ST3.IF1.ST5.SL1.SM12" is of type "X20SO4110" and has 21 channels and 2 parameter groups.
Reading properties for module "SL1.IF1.ST16.IF1.ST3". Beginning at line 2460
  ParameterGroup "Basic" has 20 parameters.
  ParameterGroup "Safety_Response_Time" has 25 parameters.
  Channel "SafeModuleOk" Repeat =0  Actives=0 has 0 parameter groups.
  ParameterGroup "SafeDigitalInput01" has 5 parameters.
  Channel "SafeDigitalInput01" Repeat =0  Actives=0 has 1 parameter groups.
  ParameterGroup "SafeDigitalInput02" has 5 parameters.
  Channel "SafeDigitalInput02" Repeat =0  Actives=0 has 1 parameter groups.
  ParameterGroup "SafeDigitalInput03" has 5 parameters.
  Channel "SafeDigitalInput03" Repeat =0  Actives=0 has 1 parameter groups.
  ParameterGroup "SafeDigitalInput04" has 5 parameters.
  Channel "SafeDigitalInput04" Repeat =0  Actives=0 has 1 parameter groups.
  Channel "SafeEquivalentInput0102" Repeat =0  Actives=0 has 0 parameter groups.
  Channel "SafeAntivalentInput0102" Repeat =0  Actives=0 has 0 parameter groups.
  Channel "SafeEquivalentInput0304" Repeat =0  Actives=0 has 0 parameter groups.
  Channel "SafeAntivalentInput0304" Repeat =0  Actives=0 has 0 parameter groups.
  Channel "SafeChannelOK01" Repeat =0  Actives=0 has 0 parameter groups.
  Channel "SafeChannelOK02" Repeat =0  Actives=0 has 0 parameter groups.
  Channel "SafeChannelOK03" Repeat =0  Actives=0 has 0 parameter groups.
  Channel "SafeChannelOK04" Repeat =0  Actives=0 has 0 parameter groups.
  Channel "SafeEquivalentOK0102" Repeat =0  Actives=0 has 0 parameter groups.
  Channel "SafeAntivalentOK0102" Repeat =0  Actives=0 has 0 parameter groups.
  Channel "SafeEquivalentOK0304" Repeat =0  Actives=0 has 0 parameter groups.
  Channel "SafeAntivalentOK0304" Repeat =0  Actives=0 has 0 parameter groups.
Module "SL1.IF1.ST16.IF1.ST3.SL1.SM13" is of type "X20SI4100" and has 17 channels and 2 parameter groups.
Content "BusConfiguration" successfully read from "C:\Users\s_spilker\Desktop\Nitto_27.04.17_lauft10\Physical\Config1\5PP5CP_US15_02\SafeLOGIC-1\BusNavigator.bnc"



LOGAppend on Wednesday 2017/09/20  UTC 08:33:47:084

Reading "C:\Users\s_spilker\Desktop\Nitto_27.04.17_lauft10\Physical\Config1\5PP5CP_US15_02\SafeLOGIC-1\BusNavigator.iom"...
Reading Content "IOOffsets"
IO reservations (MAX number of bytes): SI=2048  SO=2048  NSI=1024  NSO=1024   ConValid = 19  EMOsOffset=0  EMOsSize=0
Reading properties for module "SL1.SM1". Beginning at line 3
Reading properties for channel "BOOL101". Beginning at line 4
Reading properties for channel "BOOL102". Beginning at line 5
Reading properties for channel "BOOL103". Beginning at line 6
Reading properties for channel "BOOL104". Beginning at line 7
Reading properties for channel "BOOL105". Beginning at line 8
Reading properties for channel "BOOL001". Beginning at line 9
Reading properties for channel "BOOL002". Beginning at line 10
Reading properties for channel "BOOL003". Beginning at line 11
Module "SL1.SM1.SL1.SM1" has 8 items.
Reading properties for module "SL1.SM2". Beginning at line 13
Reading properties for channel "SafeEquivalentInput0102". Beginning at line 14
Reading properties for channel "SafeEquivalentInput0304". Beginning at line 15
Module "SL1.SM2.SL1.SM2" has 2 items.
Reading properties for module "SL1.SM3". Beginning at line 17
Reading properties for channel "SafeEquivalentInput0102". Beginning at line 18
Module "SL1.SM3.SL1.SM3" has 1 items.
Reading properties for module "SL1.SM4". Beginning at line 20
Reading properties for channel "SafeDigitalOutput01". Beginning at line 21
Reading properties for channel "SafeDigitalOutput02". Beginning at line 22
Reading properties for channel "SafeDigitalOutput03". Beginning at line 23
Reading properties for channel "SafeDigitalOutput04". Beginning at line 24
Reading properties for channel "ReleaseOutput01". Beginning at line 25
Reading properties for channel "ReleaseOutput02". Beginning at line 26
Reading properties for channel "ReleaseOutput03". Beginning at line 27
Reading properties for channel "ReleaseOutput04". Beginning at line 28
Module "SL1.SM4.SL1.SM4" has 8 items.
Reading properties for module "SL1.SM5". Beginning at line 30
Module "SL1.SM5.SL1.SM5" has 0 items.
Reading properties for module "SL1.SM6". Beginning at line 31
Module "SL1.SM6.SL1.SM6" has 0 items.
Reading properties for module "SL1.SM7". Beginning at line 32
Module "SL1.SM7.SL1.SM7" has 0 items.
Reading properties for module "SL1.SM8". Beginning at line 33
Module "SL1.SM8.SL1.SM8" has 0 items.
Reading properties for module "SL1.SM9". Beginning at line 34
Reading properties for channel "SafeTwoChannelInput0102". Beginning at line 35
Reading properties for channel "SafeTwoChannelInput0304". Beginning at line 36
Reading properties for channel "SafeTwoChannelInput0506". Beginning at line 37
Reading properties for channel "SafeTwoChannelInput0708". Beginning at line 38
Reading properties for channel "SafeTwoChannelInput0910". Beginning at line 39
Reading properties for channel "SafeTwoChannelInput1112". Beginning at line 40
Reading properties for channel "SafeTwoChannelInput1516". Beginning at line 41
Reading properties for channel "SafeTwoChannelInput1718". Beginning at line 42
Reading properties for channel "SafeTwoChannelInput1920". Beginning at line 43
Module "SL1.SM9.SL1.SM9" has 9 items.
Reading properties for module "SL1.SM10". Beginning at line 45
Reading properties for channel "SafeTwoChannelInput0102". Beginning at line 46
Reading properties for channel "SafeTwoChannelInput0304". Beginning at line 47
Reading properties for channel "SafeTwoChannelInput0910". Beginning at line 48
Module "SL1.SM10.SL1.SM10" has 3 items.
Reading properties for module "SL1.SM11". Beginning at line 50
Reading properties for channel "SafeTwoChannelInput0102". Beginning at line 51
Reading properties for channel "SafeTwoChannelInput0304". Beginning at line 52
Reading properties for channel "SafeTwoChannelInput0506". Beginning at line 53
Reading properties for channel "SafeTwoChannelInput0708". Beginning at line 54
Reading properties for channel "SafeTwoChannelInput0910". Beginning at line 55
Reading properties for channel "SafeTwoChannelInput1112". Beginning at line 56
Reading properties for channel "SafeTwoChannelInput1314". Beginning at line 57
Reading properties for channel "SafeTwoChannelInput1516". Beginning at line 58
Reading properties for channel "SafeTwoChannelInput1718". Beginning at line 59
Reading properties for channel "SafeTwoChannelInput1920". Beginning at line 60
Module "SL1.SM11.SL1.SM11" has 10 items.
Reading properties for module "SL1.SM12". Beginning at line 62
Reading properties for channel "SafeDigitalOutput01". Beginning at line 63
Reading properties for channel "ReleaseOutput01". Beginning at line 64
Module "SL1.SM12.SL1.SM12" has 2 items.
Reading properties for module "SL1.SM13". Beginning at line 66
Reading properties for channel "SafeEquivalentInput0102". Beginning at line 67
Module "SL1.SM13.SL1.SM13" has 1 items.
Content "IOOffsets" successfully read from "C:\Users\s_spilker\Desktop\Nitto_27.04.17_lauft10\Physical\Config1\5PP5CP_US15_02\SafeLOGIC-1\BusNavigator.iom"
